app/build/intermediates/manifest_merge_blame_file/release/processReleaseMainManifest/manifest-merger-blame-release-report.txt
1<?xml version="1.0" encoding="utf-8"?>
2<manifest xmlns:android="http://schemas.android.com/apk/res/android"
3    package="com.example.applock"
4    android:versionCode="1"
5    android:versionName="1.0" >
6
7    <uses-sdk
8        android:minSdkVersion="23"
9        android:targetSdkVersion="33" />
10
11    <uses-permission android:name="android.permission.INTERNET" />
11-->src\main\AndroidManifest.xml:6:5-67
11-->src\main\AndroidManifest.xml:6:22-64
12    <uses-permission android:name="android.permission.PACKAGE_USAGE_STATS" />
12-->src\main\AndroidManifest.xml:7:5-8:47
12-->src\main\AndroidManifest.xml:7:22-75
13    <uses-permission android:name="android.permission.RECEIVE_BOOT_COMPLETED" />
13-->src\main\AndroidManifest.xml:9:5-81
13-->src\main\AndroidManifest.xml:9:22-78
14    <uses-permission android:name="android.permission.FOREGROUND_SERVICE" />
14-->src\main\AndroidManifest.xml:10:5-77
14-->src\main\AndroidManifest.xml:10:22-74
15    <uses-permission android:name="android.permission.QUERY_ALL_PACKAGES" />
15-->src\main\AndroidManifest.xml:11:5-12:53
15-->src\main\AndroidManifest.xml:11:22-74
16    <uses-permission android:name="android.permission.ACCESS_NETWORK_STATE" />
16-->[com.google.android.gms:play-services-ads-api:24.2.0] AndroidManifest.xml:25:5-79
16-->[com.google.android.gms:play-services-ads-api:24.2.0] AndroidManifest.xml:25:22-76
17    <uses-permission android:name="com.google.android.gms.permission.AD_ID" />
17-->[com.google.android.gms:play-services-ads-api:24.2.0] AndroidManifest.xml:26:5-79
17-->[com.google.android.gms:play-services-ads-api:24.2.0] AndroidManifest.xml:26:22-76
18    <uses-permission android:name="android.permission.ACCESS_ADSERVICES_AD_ID" />
18-->[com.google.android.gms:play-services-ads-api:24.2.0] AndroidManifest.xml:27:5-82
18-->[com.google.android.gms:play-services-ads-api:24.2.0] AndroidManifest.xml:27:22-79
19    <uses-permission android:name="android.permission.ACCESS_ADSERVICES_ATTRIBUTION" />
19-->[com.google.android.gms:play-services-ads-api:24.2.0] AndroidManifest.xml:28:5-88
19-->[com.google.android.gms:play-services-ads-api:24.2.0] AndroidManifest.xml:28:22-85
20    <uses-permission android:name="android.permission.ACCESS_ADSERVICES_TOPICS" /> <!-- Android package visibility setting -->
20-->[com.google.android.gms:play-services-ads-api:24.2.0] AndroidManifest.xml:29:5-83
20-->[com.google.android.gms:play-services-ads-api:24.2.0] AndroidManifest.xml:29:22-80
21    <queries>
21-->[com.google.android.gms:play-services-ads-api:24.2.0] AndroidManifest.xml:35:5-68:15
22
23        <!-- For browser content -->
24        <intent>
24-->[com.google.android.gms:play-services-ads-api:24.2.0] AndroidManifest.xml:38:9-44:18
25            <action android:name="android.intent.action.VIEW" />
25-->[com.google.android.gms:play-services-ads-api:24.2.0] AndroidManifest.xml:39:13-65
25-->[com.google.android.gms:play-services-ads-api:24.2.0] AndroidManifest.xml:39:21-62
26
27            <category android:name="android.intent.category.BROWSABLE" />
27-->[com.google.android.gms:play-services-ads-api:24.2.0] AndroidManifest.xml:41:13-74
27-->[com.google.android.gms:play-services-ads-api:24.2.0] AndroidManifest.xml:41:23-71
28
29            <data android:scheme="https" />
29-->[com.google.android.gms:play-services-ads-api:24.2.0] AndroidManifest.xml:43:13-44
29-->[com.google.android.gms:play-services-ads-api:24.2.0] AndroidManifest.xml:43:19-41
30        </intent>
31        <!-- End of browser content -->
32        <!-- For CustomTabsService -->
33        <intent>
33-->[com.google.android.gms:play-services-ads-api:24.2.0] AndroidManifest.xml:47:9-49:18
34            <action android:name="android.support.customtabs.action.CustomTabsService" />
34-->[com.google.android.gms:play-services-ads-api:24.2.0] AndroidManifest.xml:48:13-90
34-->[com.google.android.gms:play-services-ads-api:24.2.0] AndroidManifest.xml:48:21-87
35        </intent>
36        <!-- End of CustomTabsService -->
37        <!-- For MRAID capabilities -->
38        <intent>
38-->[com.google.android.gms:play-services-ads-api:24.2.0] AndroidManifest.xml:52:9-56:18
39            <action android:name="android.intent.action.INSERT" />
39-->[com.google.android.gms:play-services-ads-api:24.2.0] AndroidManifest.xml:53:13-67
39-->[com.google.android.gms:play-services-ads-api:24.2.0] AndroidManifest.xml:53:21-64
40
41            <data android:mimeType="vnd.android.cursor.dir/event" />
41-->[com.google.android.gms:play-services-ads-api:24.2.0] AndroidManifest.xml:43:13-44
42        </intent>
43        <intent>
43-->[com.google.android.gms:play-services-ads-api:24.2.0] AndroidManifest.xml:57:9-61:18
44            <action android:name="android.intent.action.VIEW" />
44-->[com.google.android.gms:play-services-ads-api:24.2.0] AndroidManifest.xml:39:13-65
44-->[com.google.android.gms:play-services-ads-api:24.2.0] AndroidManifest.xml:39:21-62
45
46            <data android:scheme="sms" />
46-->[com.google.android.gms:play-services-ads-api:24.2.0] AndroidManifest.xml:43:13-44
46-->[com.google.android.gms:play-services-ads-api:24.2.0] AndroidManifest.xml:43:19-41
47        </intent>
48        <intent>
48-->[com.google.android.gms:play-services-ads-api:24.2.0] AndroidManifest.xml:62:9-66:18
49            <action android:name="android.intent.action.DIAL" />
49-->[com.google.android.gms:play-services-ads-api:24.2.0] AndroidManifest.xml:63:13-65
49-->[com.google.android.gms:play-services-ads-api:24.2.0] AndroidManifest.xml:63:21-62
50
51            <data android:path="tel:" />
51-->[com.google.android.gms:play-services-ads-api:24.2.0] AndroidManifest.xml:43:13-44
52        </intent>
53        <!-- End of MRAID capabilities -->
54    </queries>
55
56    <uses-permission android:name="android.permission.WAKE_LOCK" />
56-->[com.google.android.gms:play-services-measurement-sdk-api:20.1.2] AndroidManifest.xml:25:5-68
56-->[com.google.android.gms:play-services-measurement-sdk-api:20.1.2] AndroidManifest.xml:25:22-65
57
58    <permission
58-->[androidx.core:core:1.16.0] AndroidManifest.xml:22:5-24:47
59        android:name="com.example.applock.DYNAMIC_RECEIVER_NOT_EXPORTED_PERMISSION"
59-->[androidx.core:core:1.16.0] AndroidManifest.xml:23:9-81
60        android:protectionLevel="signature" />
60-->[androidx.core:core:1.16.0] AndroidManifest.xml:24:9-44
61
62    <uses-permission android:name="com.example.applock.DYNAMIC_RECEIVER_NOT_EXPORTED_PERMISSION" />
62-->[androidx.core:core:1.16.0] AndroidManifest.xml:26:5-97
62-->[androidx.core:core:1.16.0] AndroidManifest.xml:26:22-94
63
64    <application
64-->src\main\AndroidManifest.xml:14:5-67:19
65        android:name="com.example.applock.App"
65-->src\main\AndroidManifest.xml:15:9-27
66        android:allowBackup="true"
66-->src\main\AndroidManifest.xml:16:9-35
67        android:appComponentFactory="androidx.core.app.CoreComponentFactory"
67-->[androidx.core:core:1.16.0] AndroidManifest.xml:28:18-86
68        android:extractNativeLibs="false"
69        android:icon="@mipmap/ic_launcher"
69-->src\main\AndroidManifest.xml:17:9-43
70        android:label="@string/app_name"
70-->src\main\AndroidManifest.xml:18:9-41
71        android:roundIcon="@mipmap/ic_launcher"
71-->src\main\AndroidManifest.xml:19:9-48
72        android:supportsRtl="true"
72-->src\main\AndroidManifest.xml:20:9-35
73        android:theme="@style/Theme.AppLock" >
73-->src\main\AndroidManifest.xml:21:9-45
74
75        <!-- AdMob App ID -->
76        <meta-data
76-->src\main\AndroidManifest.xml:24:9-26:70
77            android:name="com.google.android.gms.ads.APPLICATION_ID"
77-->src\main\AndroidManifest.xml:25:13-69
78            android:value="ca-app-pub-3940256099942544~3347511713" />
78-->src\main\AndroidManifest.xml:26:13-67
79
80        <activity
80-->src\main\AndroidManifest.xml:28:9-35:20
81            android:name="com.example.applock.activities.MainActivity"
81-->src\main\AndroidManifest.xml:29:13-52
82            android:exported="true" >
82-->src\main\AndroidManifest.xml:30:13-36
83            <intent-filter>
83-->src\main\AndroidManifest.xml:31:13-34:29
84                <action android:name="android.intent.action.MAIN" />
84-->src\main\AndroidManifest.xml:32:17-69
84-->src\main\AndroidManifest.xml:32:25-66
85
86                <category android:name="android.intent.category.LAUNCHER" />
86-->src\main\AndroidManifest.xml:33:17-77
86-->src\main\AndroidManifest.xml:33:27-74
87            </intent-filter>
88        </activity>
89        <activity
89-->src\main\AndroidManifest.xml:37:9-40:51
90            android:name="com.example.applock.activities.LockActivity"
90-->src\main\AndroidManifest.xml:38:13-52
91            android:exported="false"
91-->src\main\AndroidManifest.xml:39:13-37
92            android:launchMode="singleInstance" />
92-->src\main\AndroidManifest.xml:40:13-48
93        <activity
93-->src\main\AndroidManifest.xml:42:9-44:40
94            android:name="com.example.applock.activities.SettingsActivity"
94-->src\main\AndroidManifest.xml:43:13-56
95            android:exported="false" />
95-->src\main\AndroidManifest.xml:44:13-37
96        <activity
96-->src\main\AndroidManifest.xml:46:9-48:40
97            android:name="com.example.applock.activities.AppSelectionActivity"
97-->src\main\AndroidManifest.xml:47:13-60
98            android:exported="false" />
98-->src\main\AndroidManifest.xml:48:13-37
99        <activity
99-->src\main\AndroidManifest.xml:50:9-52:40
100            android:name="com.example.applock.activities.PatternSetupActivity"
100-->src\main\AndroidManifest.xml:51:13-60
101            android:exported="false" />
101-->src\main\AndroidManifest.xml:52:13-37
102
103        <service
103-->src\main\AndroidManifest.xml:54:9-57:40
104            android:name="com.example.applock.services.AppLockService"
104-->src\main\AndroidManifest.xml:55:13-52
105            android:enabled="true"
105-->src\main\AndroidManifest.xml:56:13-35
106            android:exported="false" />
106-->src\main\AndroidManifest.xml:57:13-37
107
108        <receiver
108-->src\main\AndroidManifest.xml:59:9-66:20
109            android:name="com.example.applock.services.BootReceiver"
109-->src\main\AndroidManifest.xml:60:13-50
110            android:enabled="true"
110-->src\main\AndroidManifest.xml:61:13-35
111            android:exported="true" >
111-->src\main\AndroidManifest.xml:62:13-36
112            <intent-filter>
112-->src\main\AndroidManifest.xml:63:13-65:29
113                <action android:name="android.intent.action.BOOT_COMPLETED" />
113-->src\main\AndroidManifest.xml:64:17-79
113-->src\main\AndroidManifest.xml:64:25-76
114            </intent-filter>
115        </receiver>
116
117        <provider
117-->[androidx.emoji2:emoji2:1.3.0] AndroidManifest.xml:24:9-32:20
118            android:name="androidx.startup.InitializationProvider"
118-->[androidx.emoji2:emoji2:1.3.0] AndroidManifest.xml:25:13-67
119            android:authorities="com.example.applock.androidx-startup"
119-->[androidx.emoji2:emoji2:1.3.0] AndroidManifest.xml:26:13-68
120            android:exported="false" >
120-->[androidx.emoji2:emoji2:1.3.0] AndroidManifest.xml:27:13-37
121            <meta-data
121-->[androidx.emoji2:emoji2:1.3.0] AndroidManifest.xml:29:13-31:52
122                android:name="androidx.emoji2.text.EmojiCompatInitializer"
122-->[androidx.emoji2:emoji2:1.3.0] AndroidManifest.xml:30:17-75
123                android:value="androidx.startup" />
123-->[androidx.emoji2:emoji2:1.3.0] AndroidManifest.xml:31:17-49
124            <meta-data
124-->[androidx.work:work-runtime:2.7.0] AndroidManifest.xml:36:13-38:52
125                android:name="androidx.work.WorkManagerInitializer"
125-->[androidx.work:work-runtime:2.7.0] AndroidManifest.xml:37:17-68
126                android:value="androidx.startup" />
126-->[androidx.work:work-runtime:2.7.0] AndroidManifest.xml:38:17-49
127            <meta-data
127-->[androidx.lifecycle:lifecycle-process:2.9.0] AndroidManifest.xml:29:13-31:52
128                android:name="androidx.lifecycle.ProcessLifecycleInitializer"
128-->[androidx.lifecycle:lifecycle-process:2.9.0] AndroidManifest.xml:30:17-78
129                android:value="androidx.startup" />
129-->[androidx.lifecycle:lifecycle-process:2.9.0] AndroidManifest.xml:31:17-49
130            <meta-data
130-->[androidx.profileinstaller:profileinstaller:1.4.0] AndroidManifest.xml:29:13-31:52
131                android:name="androidx.profileinstaller.ProfileInstallerInitializer"
131-->[androidx.profileinstaller:profileinstaller:1.4.0] AndroidManifest.xml:30:17-85
132                android:value="androidx.startup" />
132-->[androidx.profileinstaller:profileinstaller:1.4.0] AndroidManifest.xml:31:17-49
133        </provider> <!-- Include the AdActivity and InAppPurchaseActivity configChanges and themes. -->
134        <activity
134-->[com.google.android.gms:play-services-ads-api:24.2.0] AndroidManifest.xml:73:9-78:43
135            android:name="com.google.android.gms.ads.AdActivity"
135-->[com.google.android.gms:play-services-ads-api:24.2.0] AndroidManifest.xml:74:13-65
136            android:configChanges="keyboard|keyboardHidden|orientation|screenLayout|uiMode|screenSize|smallestScreenSize"
136-->[com.google.android.gms:play-services-ads-api:24.2.0] AndroidManifest.xml:75:13-122
137            android:exported="false"
137-->[com.google.android.gms:play-services-ads-api:24.2.0] AndroidManifest.xml:76:13-37
138            android:theme="@android:style/Theme.Translucent" />
138-->[com.google.android.gms:play-services-ads-api:24.2.0] AndroidManifest.xml:77:13-61
139
140        <provider
140-->[com.google.android.gms:play-services-ads-api:24.2.0] AndroidManifest.xml:80:9-85:43
141            android:name="com.google.android.gms.ads.MobileAdsInitProvider"
141-->[com.google.android.gms:play-services-ads-api:24.2.0] AndroidManifest.xml:81:13-76
142            android:authorities="com.example.applock.mobileadsinitprovider"
142-->[com.google.android.gms:play-services-ads-api:24.2.0] AndroidManifest.xml:82:13-73
143            android:exported="false"
143-->[com.google.android.gms:play-services-ads-api:24.2.0] AndroidManifest.xml:83:13-37
144            android:initOrder="100" />
144-->[com.google.android.gms:play-services-ads-api:24.2.0] AndroidManifest.xml:84:13-36
145
146        <service
146-->[com.google.android.gms:play-services-ads-api:24.2.0] AndroidManifest.xml:87:9-91:43
147            android:name="com.google.android.gms.ads.AdService"
147-->[com.google.android.gms:play-services-ads-api:24.2.0] AndroidManifest.xml:88:13-64
148            android:enabled="true"
148-->[com.google.android.gms:play-services-ads-api:24.2.0] AndroidManifest.xml:89:13-35
149            android:exported="false" />
149-->[com.google.android.gms:play-services-ads-api:24.2.0] AndroidManifest.xml:90:13-37
150
151        <activity
151-->[com.google.android.gms:play-services-ads-api:24.2.0] AndroidManifest.xml:93:9-97:43
152            android:name="com.google.android.gms.ads.OutOfContextTestingActivity"
152-->[com.google.android.gms:play-services-ads-api:24.2.0] AndroidManifest.xml:94:13-82
153            android:configChanges="keyboard|keyboardHidden|orientation|screenLayout|uiMode|screenSize|smallestScreenSize"
153-->[com.google.android.gms:play-services-ads-api:24.2.0] AndroidManifest.xml:95:13-122
154            android:exported="false" />
154-->[com.google.android.gms:play-services-ads-api:24.2.0] AndroidManifest.xml:96:13-37
155        <activity
155-->[com.google.android.gms:play-services-ads-api:24.2.0] AndroidManifest.xml:98:9-105:43
156            android:name="com.google.android.gms.ads.NotificationHandlerActivity"
156-->[com.google.android.gms:play-services-ads-api:24.2.0] AndroidManifest.xml:99:13-82
157            android:excludeFromRecents="true"
157-->[com.google.android.gms:play-services-ads-api:24.2.0] AndroidManifest.xml:100:13-46
158            android:exported="false"
158-->[com.google.android.gms:play-services-ads-api:24.2.0] AndroidManifest.xml:101:13-37
159            android:launchMode="singleTask"
159-->[com.google.android.gms:play-services-ads-api:24.2.0] AndroidManifest.xml:102:13-44
160            android:taskAffinity=""
160-->[com.google.android.gms:play-services-ads-api:24.2.0] AndroidManifest.xml:103:13-36
161            android:theme="@android:style/Theme.Translucent.NoTitleBar" />
161-->[com.google.android.gms:play-services-ads-api:24.2.0] AndroidManifest.xml:104:13-72
162
163        <meta-data
163-->[com.google.android.gms:play-services-ads-api:24.2.0] AndroidManifest.xml:107:9-109:36
164            android:name="com.google.android.gms.ads.flag.OPTIMIZE_AD_LOADING"
164-->[com.google.android.gms:play-services-ads-api:24.2.0] AndroidManifest.xml:108:13-79
165            android:value="true" />
165-->[com.google.android.gms:play-services-ads-api:24.2.0] AndroidManifest.xml:109:13-33
166        <meta-data
166-->[com.google.android.gms:play-services-ads-api:24.2.0] AndroidManifest.xml:110:9-112:36
167            android:name="com.google.android.gms.ads.flag.OPTIMIZE_INITIALIZATION"
167-->[com.google.android.gms:play-services-ads-api:24.2.0] AndroidManifest.xml:111:13-83
168            android:value="true" />
168-->[com.google.android.gms:play-services-ads-api:24.2.0] AndroidManifest.xml:112:13-33
169
170        <activity
170-->[com.google.android.gms:play-services-base:18.0.0] AndroidManifest.xml:20:9-22:45
171            android:name="com.google.android.gms.common.api.GoogleApiActivity"
171-->[com.google.android.gms:play-services-base:18.0.0] AndroidManifest.xml:20:19-85
172            android:exported="false"
172-->[com.google.android.gms:play-services-base:18.0.0] AndroidManifest.xml:22:19-43
173            android:theme="@android:style/Theme.Translucent.NoTitleBar" />
173-->[com.google.android.gms:play-services-base:18.0.0] AndroidManifest.xml:21:19-78
174
175        <meta-data
175-->[com.google.android.gms:play-services-basement:18.4.0] AndroidManifest.xml:6:9-122
176            android:name="com.google.android.gms.version"
176-->[com.google.android.gms:play-services-basement:18.4.0] AndroidManifest.xml:6:20-65
177            android:value="@integer/google_play_services_version" />
177-->[com.google.android.gms:play-services-basement:18.4.0] AndroidManifest.xml:6:66-119
178
179        <service
179-->[androidx.work:work-runtime:2.7.0] AndroidManifest.xml:41:9-46:35
180            android:name="androidx.work.impl.background.systemalarm.SystemAlarmService"
180-->[androidx.work:work-runtime:2.7.0] AndroidManifest.xml:42:13-88
181            android:directBootAware="false"
181-->[androidx.work:work-runtime:2.7.0] AndroidManifest.xml:43:13-44
182            android:enabled="@bool/enable_system_alarm_service_default"
182-->[androidx.work:work-runtime:2.7.0] AndroidManifest.xml:44:13-72
183            android:exported="false" />
183-->[androidx.work:work-runtime:2.7.0] AndroidManifest.xml:45:13-37
184        <service
184-->[androidx.work:work-runtime:2.7.0] AndroidManifest.xml:47:9-53:35
185            android:name="androidx.work.impl.background.systemjob.SystemJobService"
185-->[androidx.work:work-runtime:2.7.0] AndroidManifest.xml:48:13-84
186            android:directBootAware="false"
186-->[androidx.work:work-runtime:2.7.0] AndroidManifest.xml:49:13-44
187            android:enabled="@bool/enable_system_job_service_default"
187-->[androidx.work:work-runtime:2.7.0] AndroidManifest.xml:50:13-70
188            android:exported="true"
188-->[androidx.work:work-runtime:2.7.0] AndroidManifest.xml:51:13-36
189            android:permission="android.permission.BIND_JOB_SERVICE" />
189-->[androidx.work:work-runtime:2.7.0] AndroidManifest.xml:52:13-69
190        <service
190-->[androidx.work:work-runtime:2.7.0] AndroidManifest.xml:54:9-59:35
191            android:name="androidx.work.impl.foreground.SystemForegroundService"
191-->[androidx.work:work-runtime:2.7.0] AndroidManifest.xml:55:13-81
192            android:directBootAware="false"
192-->[androidx.work:work-runtime:2.7.0] AndroidManifest.xml:56:13-44
193            android:enabled="@bool/enable_system_foreground_service_default"
193-->[androidx.work:work-runtime:2.7.0] AndroidManifest.xml:57:13-77
194            android:exported="false" />
194-->[androidx.work:work-runtime:2.7.0] AndroidManifest.xml:58:13-37
195
196        <receiver
196-->[androidx.work:work-runtime:2.7.0] AndroidManifest.xml:61:9-66:35
197            android:name="androidx.work.impl.utils.ForceStopRunnable$BroadcastReceiver"
197-->[androidx.work:work-runtime:2.7.0] AndroidManifest.xml:62:13-88
198            android:directBootAware="false"
198-->[androidx.work:work-runtime:2.7.0] AndroidManifest.xml:63:13-44
199            android:enabled="true"
199-->[androidx.work:work-runtime:2.7.0] AndroidManifest.xml:64:13-35
200            android:exported="false" />
200-->[androidx.work:work-runtime:2.7.0] AndroidManifest.xml:65:13-37
201        <receiver
201-->[androidx.work:work-runtime:2.7.0] AndroidManifest.xml:67:9-77:20
202            android:name="androidx.work.impl.background.systemalarm.ConstraintProxy$BatteryChargingProxy"
202-->[androidx.work:work-runtime:2.7.0] AndroidManifest.xml:68:13-106
203            android:directBootAware="false"
203-->[androidx.work:work-runtime:2.7.0] AndroidManifest.xml:69:13-44
204            android:enabled="false"
204-->[androidx.work:work-runtime:2.7.0] AndroidManifest.xml:70:13-36
205            android:exported="false" >
205-->[androidx.work:work-runtime:2.7.0] AndroidManifest.xml:71:13-37
206            <intent-filter>
206-->[androidx.work:work-runtime:2.7.0] AndroidManifest.xml:73:13-76:29
207                <action android:name="android.intent.action.ACTION_POWER_CONNECTED" />
207-->[androidx.work:work-runtime:2.7.0] AndroidManifest.xml:74:17-87
207-->[androidx.work:work-runtime:2.7.0] AndroidManifest.xml:74:25-84
208                <action android:name="android.intent.action.ACTION_POWER_DISCONNECTED" />
208-->[androidx.work:work-runtime:2.7.0] AndroidManifest.xml:75:17-90
208-->[androidx.work:work-runtime:2.7.0] AndroidManifest.xml:75:25-87
209            </intent-filter>
210        </receiver>
211        <receiver
211-->[androidx.work:work-runtime:2.7.0] AndroidManifest.xml:78:9-88:20
212            android:name="androidx.work.impl.background.systemalarm.ConstraintProxy$BatteryNotLowProxy"
212-->[androidx.work:work-runtime:2.7.0] AndroidManifest.xml:79:13-104
213            android:directBootAware="false"
213-->[androidx.work:work-runtime:2.7.0] AndroidManifest.xml:80:13-44
214            android:enabled="false"
214-->[androidx.work:work-runtime:2.7.0] AndroidManifest.xml:81:13-36
215            android:exported="false" >
215-->[androidx.work:work-runtime:2.7.0] AndroidManifest.xml:82:13-37
216            <intent-filter>
216-->[androidx.work:work-runtime:2.7.0] AndroidManifest.xml:84:13-87:29
217                <action android:name="android.intent.action.BATTERY_OKAY" />
217-->[androidx.work:work-runtime:2.7.0] AndroidManifest.xml:85:17-77
217-->[androidx.work:work-runtime:2.7.0] AndroidManifest.xml:85:25-74
218                <action android:name="android.intent.action.BATTERY_LOW" />
218-->[androidx.work:work-runtime:2.7.0] AndroidManifest.xml:86:17-76
218-->[androidx.work:work-runtime:2.7.0] AndroidManifest.xml:86:25-73
219            </intent-filter>
220        </receiver>
221        <receiver
221-->[androidx.work:work-runtime:2.7.0] AndroidManifest.xml:89:9-99:20
222            android:name="androidx.work.impl.background.systemalarm.ConstraintProxy$StorageNotLowProxy"
222-->[androidx.work:work-runtime:2.7.0] AndroidManifest.xml:90:13-104
223            android:directBootAware="false"
223-->[androidx.work:work-runtime:2.7.0] AndroidManifest.xml:91:13-44
224            android:enabled="false"
224-->[androidx.work:work-runtime:2.7.0] AndroidManifest.xml:92:13-36
225            android:exported="false" >
225-->[androidx.work:work-runtime:2.7.0] AndroidManifest.xml:93:13-37
226            <intent-filter>
226-->[androidx.work:work-runtime:2.7.0] AndroidManifest.xml:95:13-98:29
227                <action android:name="android.intent.action.DEVICE_STORAGE_LOW" />
227-->[androidx.work:work-runtime:2.7.0] AndroidManifest.xml:96:17-83
227-->[androidx.work:work-runtime:2.7.0] AndroidManifest.xml:96:25-80
228                <action android:name="android.intent.action.DEVICE_STORAGE_OK" />
228-->[androidx.work:work-runtime:2.7.0] AndroidManifest.xml:97:17-82
228-->[androidx.work:work-runtime:2.7.0] AndroidManifest.xml:97:25-79
229            </intent-filter>
230        </receiver>
231        <receiver
231-->[androidx.work:work-runtime:2.7.0] AndroidManifest.xml:100:9-109:20
232            android:name="androidx.work.impl.background.systemalarm.ConstraintProxy$NetworkStateProxy"
232-->[androidx.work:work-runtime:2.7.0] AndroidManifest.xml:101:13-103
233            android:directBootAware="false"
233-->[androidx.work:work-runtime:2.7.0] AndroidManifest.xml:102:13-44
234            android:enabled="false"
234-->[androidx.work:work-runtime:2.7.0] AndroidManifest.xml:103:13-36
235            android:exported="false" >
235-->[androidx.work:work-runtime:2.7.0] AndroidManifest.xml:104:13-37
236            <intent-filter>
236-->[androidx.work:work-runtime:2.7.0] AndroidManifest.xml:106:13-108:29
237                <action android:name="android.net.conn.CONNECTIVITY_CHANGE" />
237-->[androidx.work:work-runtime:2.7.0] AndroidManifest.xml:107:17-79
237-->[androidx.work:work-runtime:2.7.0] AndroidManifest.xml:107:25-76
238            </intent-filter>
239        </receiver>
240        <receiver
240-->[androidx.work:work-runtime:2.7.0] AndroidManifest.xml:110:9-121:20
241            android:name="androidx.work.impl.background.systemalarm.RescheduleReceiver"
241-->[androidx.work:work-runtime:2.7.0] AndroidManifest.xml:111:13-88
242            android:directBootAware="false"
242-->[androidx.work:work-runtime:2.7.0] AndroidManifest.xml:112:13-44
243            android:enabled="false"
243-->[androidx.work:work-runtime:2.7.0] AndroidManifest.xml:113:13-36
244            android:exported="false" >
244-->[androidx.work:work-runtime:2.7.0] AndroidManifest.xml:114:13-37
245            <intent-filter>
245-->[androidx.work:work-runtime:2.7.0] AndroidManifest.xml:116:13-120:29
246                <action android:name="android.intent.action.BOOT_COMPLETED" />
246-->src\main\AndroidManifest.xml:64:17-79
246-->src\main\AndroidManifest.xml:64:25-76
247                <action android:name="android.intent.action.TIME_SET" />
247-->[androidx.work:work-runtime:2.7.0] AndroidManifest.xml:118:17-73
247-->[androidx.work:work-runtime:2.7.0] AndroidManifest.xml:118:25-70
248                <action android:name="android.intent.action.TIMEZONE_CHANGED" />
248-->[androidx.work:work-runtime:2.7.0] AndroidManifest.xml:119:17-81
248-->[androidx.work:work-runtime:2.7.0] AndroidManifest.xml:119:25-78
249            </intent-filter>
250        </receiver>
251        <receiver
251-->[androidx.work:work-runtime:2.7.0] AndroidManifest.xml:122:9-131:20
252            android:name="androidx.work.impl.background.systemalarm.ConstraintProxyUpdateReceiver"
252-->[androidx.work:work-runtime:2.7.0] AndroidManifest.xml:123:13-99
253            android:directBootAware="false"
253-->[androidx.work:work-runtime:2.7.0] AndroidManifest.xml:124:13-44
254            android:enabled="@bool/enable_system_alarm_service_default"
254-->[androidx.work:work-runtime:2.7.0] AndroidManifest.xml:125:13-72
255            android:exported="false" >
255-->[androidx.work:work-runtime:2.7.0] AndroidManifest.xml:126:13-37
256            <intent-filter>
256-->[androidx.work:work-runtime:2.7.0] AndroidManifest.xml:128:13-130:29
257                <action android:name="androidx.work.impl.background.systemalarm.UpdateProxies" />
257-->[androidx.work:work-runtime:2.7.0] AndroidManifest.xml:129:17-98
257-->[androidx.work:work-runtime:2.7.0] AndroidManifest.xml:129:25-95
258            </intent-filter>
259        </receiver>
260        <receiver
260-->[androidx.work:work-runtime:2.7.0] AndroidManifest.xml:132:9-142:20
261            android:name="androidx.work.impl.diagnostics.DiagnosticsReceiver"
261-->[androidx.work:work-runtime:2.7.0] AndroidManifest.xml:133:13-78
262            android:directBootAware="false"
262-->[androidx.work:work-runtime:2.7.0] AndroidManifest.xml:134:13-44
263            android:enabled="true"
263-->[androidx.work:work-runtime:2.7.0] AndroidManifest.xml:135:13-35
264            android:exported="true"
264-->[androidx.work:work-runtime:2.7.0] AndroidManifest.xml:136:13-36
265            android:permission="android.permission.DUMP" >
265-->[androidx.work:work-runtime:2.7.0] AndroidManifest.xml:137:13-57
266            <intent-filter>
266-->[androidx.work:work-runtime:2.7.0] AndroidManifest.xml:139:13-141:29
267                <action android:name="androidx.work.diagnostics.REQUEST_DIAGNOSTICS" />
267-->[androidx.work:work-runtime:2.7.0] AndroidManifest.xml:140:17-88
267-->[androidx.work:work-runtime:2.7.0] AndroidManifest.xml:140:25-85
268            </intent-filter>
269        </receiver>
270
271        <uses-library
271-->[androidx.privacysandbox.ads:ads-adservices:1.0.0-beta05] AndroidManifest.xml:23:9-25:40
272            android:name="android.ext.adservices"
272-->[androidx.privacysandbox.ads:ads-adservices:1.0.0-beta05] AndroidManifest.xml:24:13-50
273            android:required="false" />
273-->[androidx.privacysandbox.ads:ads-adservices:1.0.0-beta05] AndroidManifest.xml:25:13-37
274
275        <service
275-->[androidx.room:room-runtime-android:2.7.1] AndroidManifest.xml:24:9-28:63
276            android:name="androidx.room.MultiInstanceInvalidationService"
276-->[androidx.room:room-runtime-android:2.7.1] AndroidManifest.xml:25:13-74
277            android:directBootAware="true"
277-->[androidx.room:room-runtime-android:2.7.1] AndroidManifest.xml:26:13-43
278            android:exported="false" />